<?xml version="1.0" encoding="UTF-8"?>
<Site BuildName="Linux-g++"
	BuildStamp="20240414-0858-Experimental"
	Name="DESKTOP"
	Generator="ctest-3.16.3"
	CompilerName="/usr/bin/g++"
	CompilerVersion="9.4.0"
	OSName="Linux"
	Hostname="DESKTOP"
	OSRelease="5.10.16.3-microsoft-standard-WSL2"
	OSVersion="#1 SMP Fri Apr 2 22:23:49 UTC 2021"
	OSPlatform="x86_64"
	Is64Bits="1"
	VendorString="AuthenticAMD"
	VendorID="Advanced Micro Devices"
	FamilyID="25"
	ModelID="80"
	ProcessorCacheSize="512"
	NumberOfLogicalCPU="16"
	NumberOfPhysicalCPU="8"
	TotalVirtualMemory="2048"
	TotalPhysicalMemory="6872"
	LogicalProcessorsPerPhysical="2"
	ProcessorClockFrequency="3193.92"
	>
	<Testing>
		<StartDateTime>Apr 14 17:43 CST</StartDateTime>
		<StartTestTime>1713087794</StartTestTime>
		<TestList/>
		<EndDateTime>Apr 14 17:43 CST</EndDateTime>
		<EndTestTime>1713087794</EndTestTime>
		<ElapsedMinutes>0</ElapsedMinutes>
	</Testing>
</Site>
